make all --print-data-base --no-builtin-variables --no-builtin-rules --question
# GNU Make 3.81
# Copyright (C) 2006  Free Software Foundation, Inc.
# This is free software; see the source for copying conditions.
# There is NO warranty; not even for MERCHANTABILITY or FITNESS FOR A
# PARTICULAR PURPOSE.

# This program built for i386-apple-darwin11.3.0

# Make data base, printed on Thu Jun 23 14:00:51 2022

# Variables

# automatic
<D = $(patsubst %/,%,$(dir $<))
# automatic
?F = $(notdir $?)
# makefile
MAKEFLAGS = Rrqp
# environment
VSCODE_LOG_NATIVE = false
# automatic
?D = $(patsubst %/,%,$(dir $?))
# automatic
@D = $(patsubst %/,%,$(dir $@))
# automatic
@F = $(notdir $@)
# makefile
CURDIR := /Users/jamie.scott/Documents/TechBootcamp/JamieProject
# makefile
SHELL = /bin/sh
# environment
VSCODE_NLS_CONFIG = {"locale":"en-gb","availableLanguages":{},"_languagePackSupport":true}
# environment
_ = /usr/bin/make
# environment
MY_REPO_NAME = jamiescott/pokemon
# makefile
MAKEFILE_LIST := 
# environment
VSCODE_VERBOSE_LOGGING = true
# environment
NJA_PRIVATE_SUBNET_B_ID = subnet-02d1e63f3fc1ada51
# environment
__CFBundleIdentifier = com.microsoft.VSCode
# environment
NJA_PUBLIC_SUBNET_C_ID = subnet-0b350aa40181b1d31
# environment
VSCODE_IPC_HOOK_EXTHOST = /var/folders/80/j1gjf6gj16ddrtwvd8q6qcfs0245y5/T/vscode-ipc-39b837c8-cb18-4b0e-9aae-7573525aa01e.sock
# environment
AWS_DEFAULT_REGION = eu-west-1
# environment
VSCODE_CWD = /
# environment
PATH = /usr/local/bin:/usr/bin:/bin:/usr/sbin:/sbin
# environment
LSCOLORS = Gxfxcxdxbxegedabagacad
# environment
VSCODE_LOG_STACK = false
# environment
ELECTRON_RUN_AS_NODE = 1
# default
.FEATURES := target-specific order-only second-expansion else-if archives jobserver check-symlink
# environment
SSH_AUTH_SOCK = /private/tmp/com.apple.launchd.GCe44rmVS0/Listeners
# automatic
%F = $(notdir $%)
# environment
VSCODE_PIPE_LOGGING = true
# environment
NJA_VPC_NAME = AcademySharedInfraStack/SainsburysSharedVpc
# environment
PWD = /Users/jamie.scott/Documents/TechBootcamp/JamieProject
# environment
ORIGINAL_XDG_CURRENT_DESKTOP = undefined
# environment
VSCODE_AMD_ENTRYPOINT = vs/workbench/api/node/extensionHostProcess
# environment
HOME = /Users/jamie.scott
# default
MAKEFILEPATH = $(shell /usr/bin/xcode-select -print-path 2>/dev/null || echo /Developer)/Makefiles
# environment
VSCODE_CODE_CACHE_PATH = /Users/jamie.scott/Library/Application Support/Code/CachedData/30d9c6cd9483b2cc586687151bcbcd635f373630
# environment
NJA_VPC_ID = vpc-0e296a5c8aac14d8c
# environment
LOGNAME = jamie.scott
# environment
APPLICATION_INSIGHTS_NO_DIAGNOSTIC_CHANNEL = 1
# environment
ZSH = /Users/jamie.scott/.oh-my-zsh
# environment
VSCODE_HANDLES_UNCAUGHT_ERRORS = true
# automatic
^D = $(patsubst %/,%,$(dir $^))
# environment
NJA_PRIVATE_SUBNET_C_ID = subnet-0ae4315012d262117
# environment
XPC_FLAGS = 0x0
# environment
NJA_PUBLIC_SUBNETS = subnet-0d4860b711cb576a7,subnet-069cdabacf16ec9a6,subnet-0b350aa40181b1d31
# default
MAKE = $(MAKE_COMMAND)
# default
MAKECMDGOALS := all
# environment
SHLVL = 1
# environment
AWS_PROFILE = sainsburys
# default
MAKE_VERSION := 3.81
# environment
USER = jamie.scott
# makefile
.DEFAULT_GOAL := 
# environment
LESS = -R
# automatic
%D = $(patsubst %/,%,$(dir $%))
# environment
NJA_ECS_CLUSTER_ARN = arn:aws:ecs:eu-west-1:156058766667:cluster/SainsburysSharedCluster
# default
MAKE_COMMAND := /Library/Developer/CommandLineTools/usr/bin/make
# default
.VARIABLES := 
# environment
TMPDIR = /var/folders/80/j1gjf6gj16ddrtwvd8q6qcfs0245y5/T/
# automatic
*F = $(notdir $*)
# environment
VSCODE_IPC_HOOK = /Users/jamie.scott/Library/Application Support/Code/1.68.1-main.sock
# environment
NJA_PUBLIC_SUBNET_A_ID = subnet-0d4860b711cb576a7
# environment
MFLAGS = -Rrqp
# automatic
*D = $(patsubst %/,%,$(dir $*))
# environment
XPC_SERVICE_NAME = application.com.microsoft.VSCode.2503357.2503363
# automatic
+D = $(patsubst %/,%,$(dir $+))
# automatic
+F = $(notdir $+)
# default
SUFFIXES := 
# environment
NJA_ECS_CLUSTER_NAME = SainsburysSharedCluster
# environment
AWS_ACCOUNT = 156058766667
# environment
__CF_USER_TEXT_ENCODING = 0x402217C5:0:2
# environment
COMMAND_MODE = unix2003
# default
MAKEFILES := 
# automatic
<F = $(notdir $<)
# environment
NJA_PRIVATE_SUBNETS = subnet-03f1b73d915b12b0d,subnet-02d1e63f3fc1ada51,subnet-0ae4315012d262117
# environment
PAGER = less
# environment
LC_ALL = C
# automatic
^F = $(notdir $^)
# environment
NJA_PUBLIC_SUBNET_B_ID = subnet-069cdabacf16ec9a6
# default
.INCLUDE_DIRS = /usr/local/include
# environment
MAKELEVEL := 0
# environment
LANG = C
# environment
NJA_SG_ID = sg-0f4b994c29a60227e
# environment
VSCODE_PID = 2342
# environment
NJA_PRIVATE_SUBNET_A_ID = subnet-03f1b73d915b12b0d
# variable set hash-table stats:
# Load=83/1024=8%, Rehash=0, Collisions=9/104=9%

# Pattern-specific Variable Values

# No pattern-specific variable values.

# Directories

# . (device 16777223, inode 1475002): 9 files, no impossibilities.

# 9 files, no impossibilities in 1 directories.

# Implicit Rules

# No implicit rules.

# Files

# Not a target:
all:
#  Command-line target.
#  Implicit rule search has been done.
#  File does not exist.
#  File has not been updated.
# variable set hash-table stats:
# Load=0/32=0%, Rehash=0, Collisions=0/0=0%

# Not a target:
.SUFFIXES:
#  Implicit rule search has not been done.
#  Modification time never checked.
#  File has not been updated.

# Not a target:
Makefile:
#  A default, MAKEFILES, or -include/sinclude makefile.
#  Implicit rule search has been done.
#  File does not exist.
#  File has been updated.
#  Failed to be updated.
# variable set hash-table stats:
# Load=0/32=0%, Rehash=0, Collisions=0/0=0%

# Not a target:
makefile:
#  A default, MAKEFILES, or -include/sinclude makefile.
#  Implicit rule search has been done.
#  File does not exist.
#  File has been updated.
#  Failed to be updated.
# variable set hash-table stats:
# Load=0/32=0%, Rehash=0, Collisions=0/0=0%

# Not a target:
.DEFAULT:
#  Implicit rule search has not been done.
#  Modification time never checked.
#  File has not been updated.

# Not a target:
GNUmakefile:
#  A default, MAKEFILES, or -include/sinclude makefile.
#  Implicit rule search has been done.
#  File does not exist.
#  File has been updated.
#  Failed to be updated.
# variable set hash-table stats:
# Load=0/32=0%, Rehash=0, Collisions=0/0=0%

# files hash-table stats:
# Load=6/1024=1%, Rehash=0, Collisions=0/17=0%
# VPATH Search Paths

# No `vpath' search paths.

# No general (`VPATH' variable) search path.

# # of strings in strcache: 0
# # of strcache buffers: 0
# strcache size: total = 0 / max = 0 / min = 4096 / avg = 0
# strcache free: total = 0 / max = 0 / min = 4096 / avg = 0

# Finished Make data base on Thu Jun 23 14:00:51 2022

 
make: *** No rule to make target `all'.  Stop.

